<?xml version="1.0" encoding="UTF-8"?>
<testsuite xmlns:xsi="http://www.w3.org/2001/XMLSchema-instance" xsi:noNamespaceSchemaLocation="https://maven.apache.org/surefire/maven-surefire-plugin/xsd/surefire-test-report-3.0.xsd" version="3.0" name="TestSuite" time="15.963" tests="1" errors="0" skipped="0" failures="0">
  <properties>
[...]
</properties>
  <testcase name="login" classname="Mahendra.Mahendra.TC_LoginFunctionality" time="15.336">
    <system-out><![CDATA[Initializing ChromeDriver...
Opening login page...
Maximizing the browser window...
Waiting for elements to load...
Locating username and password fields...
Entering login credentials...
Clicking on the login button...
Waiting for redirection after login...
Validating the dashboard URL...
❌ Login failed or wrong navigation. Current URL: https://sunilsharma30.vasyerp.com/dashboard
Closing the browser...
]]></system-out>
    <system-err><![CDATA[SLF4J: Failed to load class "org.slf4j.impl.StaticLoggerBinder".
SLF4J: Defaulting to no-operation (NOP) logger implementation
SLF4J: See http://www.slf4j.org/codes.html#StaticLoggerBinder for further details.
Apr 28, 2025 7:20:52 PM org.openqa.selenium.devtools.CdpVersionFinder findNearestMatch
WARNING: Unable to find an exact match for CDP version 135, returning the closest version; found: 132; Please update to a Selenium version that supports CDP version 135
]]></system-err>
  </testcase>
</testsuite>