<?xml version="1.0" encoding="UTF-8"?>
<testng-results ignored="0" total="1" passed="1" failed="0" skipped="0">
  <reporter-output>
  </reporter-output>
  <suite started-at="2025-04-27T21:34:08 IST" name="Default suite" finished-at="2025-04-27T21:34:19 IST" duration-ms="11543">
    <groups>
    </groups>
    <test started-at="2025-04-27T21:34:08 IST" name="Default test" finished-at="2025-04-27T21:34:19 IST" duration-ms="11543">
      <class name="Mahendra.Mahendra.TC_LoginFunctionality">
        <test-method signature="login()[pri:0, instance:Mahendra.Mahendra.TC_LoginFunctionality@3527942a]" started-at="2025-04-27T21:34:08 IST" name="login" finished-at="2025-04-27T21:34:19 IST" duration-ms="11481" status="PASS">
          <reporter-output>
          </reporter-output>
        </test-method> <!-- login -->
      </class> <!-- Mahendra.Mahendra.TC_LoginFunctionality -->
    </test> <!-- Default test -->
  </suite> <!-- Default suite -->
</testng-results>
